0 info it worked if it ends with ok
1 verbose cli [ 'C:\\Program Files\\nodejs\\node.exe',
1 verbose cli   'C:\\Program Files\\nodejs\\node_modules\\npm\\bin\\npm-cli.js',
1 verbose cli   'start' ]
2 info using npm@3.3.12
3 info using node@v5.2.0
4 verbose run-script [ 'prestart', 'start', 'poststart' ]
5 info lifecycle fuzzy_database@0.5.0~prestart: fuzzy_database@0.5.0
6 silly lifecycle fuzzy_database@0.5.0~prestart: no script for prestart, continuing
7 info lifecycle fuzzy_database@0.5.0~start: fuzzy_database@0.5.0
8 verbose lifecycle fuzzy_database@0.5.0~start: unsafe-perm in lifecycle true
9 verbose lifecycle fuzzy_database@0.5.0~start: PATH: C:\Program Files\nodejs\node_modules\npm\bin\node-gyp-bin;D:\Projects\fuzzy-database\node_modules\.bin;C:\Program Files\NVIDIA GPU Computing Toolkit\CUDA\v7.5\bin;C:\Program Files\NVIDIA GPU Computing Toolkit\CUDA\v7.5\libnvvp;D:\Python\python27_x64;D:\Python\python27_x64\Scripts;C:\ProgramData\Oracle\Java\javapath;C:\Windows\system32;C:\Windows;C:\Windows\System32\Wbem;C:\Windows\System32\WindowsPowerShell\v1.0\;C:\Program Files (x86)\NVIDIA Corporation\PhysX\Common;C:\Users\Tim\.dnx\bin;C:\Program Files\Microsoft DNX\Dnvm\;C:\Program Files (x86)\Windows Kits\8.1\Windows Performance Toolkit\;F:\Program Files (x86)\CMake\bin;C:\Program Files\nodejs\;C:\Program Files (x86)\MiKTeX 2.9\miktex\bin\;C:\Program Files\MATLAB\R2015b\bin;C:\Program Files (x86)\MySQL\MySQL Fabric 1.5 & MySQL Utilities 1.5\;C:\Program Files (x86)\MySQL\MySQL Fabric 1.5 & MySQL Utilities 1.5\Doctrine extensions for PHP\;F:\Program Files\Redis\;C:\Program Files (x86)\QuickTime\QTSystem\;C:\Program Files\Microsoft SQL Server\110\Tools\Binn\;C:\Program Files (x86)\Microsoft SDKs\TypeScript\1.0\;C:\Program Files\Microsoft SQL Server\120\Tools\Binn\;C:\Program Files (x86)\Google\Chrome\Application;C:\Windows\system32;C:\Windows;C:\Windows\System32\Wbem;C:\Windows\System32\WindowsPowerShell\v1.0\;C:\Program Files (x86)\NVIDIA Corporation\PhysX\Common;C:\Users\Tim\AppData\Local\Programs\Git\cmd;C:\Users\Tim\AppData\Local\Programs\Git\mingw64\bin;C:\Users\Tim\AppData\Local\Programs\Git\usr\bin;C:\Users\Tim\AppData\Roaming\npm;C:\Program Files\SumatraPDF;C:\Program Files\gnuplot\bin;D:\Python\python27_x64;D:\PHP\php-5.5;C:\Program Files\Sublime Text 3;D:\Python\z3-4.3.2-x64-win\bin;C:\Program Files (x86)\Dr. Memory\bin\;C:\Users\Tim\AppData\Local\Pandoc\
10 verbose lifecycle fuzzy_database@0.5.0~start: CWD: D:\Projects\fuzzy-database
11 silly lifecycle fuzzy_database@0.5.0~start: Args: [ '/d /s /c', 'node ./frontend/server.js' ]
12 silly lifecycle fuzzy_database@0.5.0~start: Returned: code: 1  signal: null
13 info lifecycle fuzzy_database@0.5.0~start: Failed to exec start script
14 verbose stack Error: fuzzy_database@0.5.0 start: `node ./frontend/server.js`
14 verbose stack Exit status 1
14 verbose stack     at EventEmitter.<anonymous> (C:\Program Files\nodejs\node_modules\npm\lib\utils\lifecycle.js:232:16)
14 verbose stack     at emitTwo (events.js:88:13)
14 verbose stack     at EventEmitter.emit (events.js:173:7)
14 verbose stack     at ChildProcess.<anonymous> (C:\Program Files\nodejs\node_modules\npm\lib\utils\spawn.js:24:14)
14 verbose stack     at emitTwo (events.js:88:13)
14 verbose stack     at ChildProcess.emit (events.js:173:7)
14 verbose stack     at maybeClose (internal/child_process.js:819:16)
14 verbose stack     at Process.ChildProcess._handle.onexit (internal/child_process.js:212:5)
15 verbose pkgid fuzzy_database@0.5.0
16 verbose cwd D:\Projects\fuzzy-database
17 error Windows_NT 10.0.10586
18 error argv "C:\\Program Files\\nodejs\\node.exe" "C:\\Program Files\\nodejs\\node_modules\\npm\\bin\\npm-cli.js" "start"
19 error node v5.2.0
20 error npm  v3.3.12
21 error code ELIFECYCLE
22 error fuzzy_database@0.5.0 start: `node ./frontend/server.js`
22 error Exit status 1
23 error Failed at the fuzzy_database@0.5.0 start script 'node ./frontend/server.js'.
23 error Make sure you have the latest version of node.js and npm installed.
23 error If you do, this is most likely a problem with the fuzzy_database package,
23 error not with npm itself.
23 error Tell the author that this fails on your system:
23 error     node ./frontend/server.js
23 error You can get their info via:
23 error     npm owner ls fuzzy_database
23 error There is likely additional logging output above.
24 verbose exit [ 1, true ]
